[debug] [2021-08-02T13:20:00.828Z] ----------------------------------------------------------------------
[debug] [2021-08-02T13:20:00.833Z] Command:       C:\Program Files\nodejs\node.exe C:\Users\ogzgl\AppData\Roaming\npm\node_modules\firebase-tools\lib\bin\firebase.js init
[debug] [2021-08-02T13:20:00.834Z] CLI Version:   9.16.0
[debug] [2021-08-02T13:20:00.834Z] Platform:      win32
[debug] [2021-08-02T13:20:00.834Z] Node Version:  v14.17.1
[debug] [2021-08-02T13:20:00.836Z] Time:          Mon Aug 02 2021 16:20:00 GMT+0300 (GMT+03:00)
[debug] [2021-08-02T13:20:00.836Z] ----------------------------------------------------------------------
[debug] 
[debug] [2021-08-02T13:20:00.841Z] >>> [apiv2][query] GET https://firebase-public.firebaseio.com/cli.json [none]
[debug] [2021-08-02T13:20:00.894Z] > command requires scopes: ["email","openid","https://www.googleapis.com/auth/cloudplatformprojects.readonly","https://www.googleapis.com/auth/firebase","https://www.googleapis.com/auth/cloud-platform"]
[debug] [2021-08-02T13:20:00.894Z] > authorizing via signed-in user (ogzgl06@gmail.com)
[info] 
     ######## #### ########  ######## ########     ###     ######  ########
     ##        ##  ##     ## ##       ##     ##  ##   ##  ##       ##
     ######    ##  ########  ######   ########  #########  ######  ######
     ##        ##  ##    ##  ##       ##     ## ##     ##       ## ##
     ##       #### ##     ## ######## ########  ##     ##  ######  ########

You're about to initialize a Firebase project in this directory:

  C:\Users\ogzgl\OneDrive\Masaüstü\ProgramsOfLanguage\React\react-facebook-messenger-clone

[debug] [2021-08-02T13:20:01.687Z] <<< [apiv2][status] GET https://firebase-public.firebaseio.com/cli.json 200
[debug] [2021-08-02T13:20:01.688Z] <<< [apiv2][body] GET https://firebase-public.firebaseio.com/cli.json {"cloudBuildErrorAfter":1594252800000,"cloudBuildWarnAfter":1590019200000,"defaultNode10After":1594252800000,"minVersion":"3.0.5","node8DeploysDisabledAfter":1613390400000,"node8RuntimeDisabledAfter":1615809600000,"node8WarnAfter":1600128000000}
